mode: set
github.com/catalogfi/wbtc-garden/swapper/bitcoin/bitcoin.go:25.39,26.16 1 0
github.com/catalogfi/wbtc-garden/swapper/bitcoin/bitcoin.go:26.16,28.3 1 0
github.com/catalogfi/wbtc-garden/swapper/bitcoin/bitcoin.go:29.2,29.12 1 0
github.com/catalogfi/wbtc-garden/swapper/bitcoin/bitcoin.go:32.198,34.16 2 0
github.com/catalogfi/wbtc-garden/swapper/bitcoin/bitcoin.go:34.16,36.3 1 0
github.com/catalogfi/wbtc-garden/swapper/bitcoin/bitcoin.go:38.2,39.16 2 0
github.com/catalogfi/wbtc-garden/swapper/bitcoin/bitcoin.go:39.16,41.3 1 0
github.com/catalogfi/wbtc-garden/swapper/bitcoin/bitcoin.go:42.2,44.16 3 0
github.com/catalogfi/wbtc-garden/swapper/bitcoin/bitcoin.go:44.16,46.3 1 0
github.com/catalogfi/wbtc-garden/swapper/bitcoin/bitcoin.go:50.2,51.16 2 0
github.com/catalogfi/wbtc-garden/swapper/bitcoin/bitcoin.go:51.16,53.3 1 0
github.com/catalogfi/wbtc-garden/swapper/bitcoin/bitcoin.go:54.2,54.172 1 0
github.com/catalogfi/wbtc-garden/swapper/bitcoin/bitcoin.go:57.52,59.16 2 0
github.com/catalogfi/wbtc-garden/swapper/bitcoin/bitcoin.go:59.16,61.3 1 0
github.com/catalogfi/wbtc-garden/swapper/bitcoin/bitcoin.go:62.2,64.20 3 0
github.com/catalogfi/wbtc-garden/swapper/bitcoin/bitcoin.go:67.49,69.2 1 0
github.com/catalogfi/wbtc-garden/swapper/bitcoin/bitcoin.go:71.50,74.16 3 0
github.com/catalogfi/wbtc-garden/swapper/bitcoin/bitcoin.go:74.16,76.3 1 0
github.com/catalogfi/wbtc-garden/swapper/bitcoin/bitcoin.go:77.2,78.20 2 0
github.com/catalogfi/wbtc-garden/swapper/bitcoin/bitcoin.go:81.65,82.6 1 0
github.com/catalogfi/wbtc-garden/swapper/bitcoin/bitcoin.go:82.6,85.15 3 0
github.com/catalogfi/wbtc-garden/swapper/bitcoin/bitcoin.go:85.15,87.4 1 0
github.com/catalogfi/wbtc-garden/swapper/bitcoin/bitcoin.go:89.3,89.17 1 0
github.com/catalogfi/wbtc-garden/swapper/bitcoin/bitcoin.go:89.17,91.4 1 0
github.com/catalogfi/wbtc-garden/swapper/bitcoin/bitcoin.go:92.3,92.30 1 0
github.com/catalogfi/wbtc-garden/swapper/bitcoin/bitcoin.go:96.68,98.2 1 0
github.com/catalogfi/wbtc-garden/swapper/bitcoin/bitcoin.go:109.192,111.16 2 0
github.com/catalogfi/wbtc-garden/swapper/bitcoin/bitcoin.go:111.16,113.3 1 0
github.com/catalogfi/wbtc-garden/swapper/bitcoin/bitcoin.go:115.2,116.16 2 0
github.com/catalogfi/wbtc-garden/swapper/bitcoin/bitcoin.go:116.16,118.3 1 0
github.com/catalogfi/wbtc-garden/swapper/bitcoin/bitcoin.go:119.2,121.16 3 0
github.com/catalogfi/wbtc-garden/swapper/bitcoin/bitcoin.go:121.16,123.3 1 0
github.com/catalogfi/wbtc-garden/swapper/bitcoin/bitcoin.go:126.2,127.16 2 0
github.com/catalogfi/wbtc-garden/swapper/bitcoin/bitcoin.go:127.16,129.3 1 0
github.com/catalogfi/wbtc-garden/swapper/bitcoin/bitcoin.go:130.2,130.145 1 0
github.com/catalogfi/wbtc-garden/swapper/bitcoin/bitcoin.go:133.62,136.16 3 0
github.com/catalogfi/wbtc-garden/swapper/bitcoin/bitcoin.go:136.16,138.3 1 0
github.com/catalogfi/wbtc-garden/swapper/bitcoin/bitcoin.go:139.2,140.20 2 0
github.com/catalogfi/wbtc-garden/swapper/bitcoin/bitcoin.go:143.60,144.6 1 0
github.com/catalogfi/wbtc-garden/swapper/bitcoin/bitcoin.go:144.6,146.16 2 0
github.com/catalogfi/wbtc-garden/swapper/bitcoin/bitcoin.go:146.16,148.4 1 0
github.com/catalogfi/wbtc-garden/swapper/bitcoin/bitcoin.go:149.3,149.17 1 0
github.com/catalogfi/wbtc-garden/swapper/bitcoin/bitcoin.go:149.17,151.4 1 0
github.com/catalogfi/wbtc-garden/swapper/bitcoin/bitcoin.go:152.3,152.30 1 0
github.com/catalogfi/wbtc-garden/swapper/bitcoin/bitcoin.go:156.62,158.2 1 0
github.com/catalogfi/wbtc-garden/swapper/bitcoin/bitcoin.go:168.168,170.16 2 0
github.com/catalogfi/wbtc-garden/swapper/bitcoin/bitcoin.go:170.16,172.3 1 0
github.com/catalogfi/wbtc-garden/swapper/bitcoin/bitcoin.go:173.2,175.16 3 0
github.com/catalogfi/wbtc-garden/swapper/bitcoin/bitcoin.go:175.16,177.3 1 0
github.com/catalogfi/wbtc-garden/swapper/bitcoin/bitcoin.go:180.2,180.138 1 0
github.com/catalogfi/wbtc-garden/swapper/bitcoin/bitcoin.go:183.43,185.16 2 0
github.com/catalogfi/wbtc-garden/swapper/bitcoin/bitcoin.go:185.16,187.3 1 0
github.com/catalogfi/wbtc-garden/swapper/bitcoin/bitcoin.go:188.2,189.30 2 0
github.com/catalogfi/wbtc-garden/swapper/bitcoin/bitcoin.go:189.30,191.3 1 0
github.com/catalogfi/wbtc-garden/swapper/bitcoin/bitcoin.go:192.2,193.16 2 0
github.com/catalogfi/wbtc-garden/swapper/bitcoin/bitcoin.go:193.16,195.3 1 0
github.com/catalogfi/wbtc-garden/swapper/bitcoin/bitcoin.go:196.2,196.62 1 0
github.com/catalogfi/wbtc-garden/swapper/bitcoin/bitcoin.go:196.62,198.3 1 0
github.com/catalogfi/wbtc-garden/swapper/bitcoin/bitcoin.go:199.2,199.19 1 0
github.com/catalogfi/wbtc-garden/swapper/bitcoin/bitcoin.go:202.57,204.16 2 0
github.com/catalogfi/wbtc-garden/swapper/bitcoin/bitcoin.go:204.16,206.3 1 0
github.com/catalogfi/wbtc-garden/swapper/bitcoin/bitcoin.go:207.2,207.39 1 0
github.com/catalogfi/wbtc-garden/swapper/bitcoin/bitcoin.go:207.39,209.30 2 0
github.com/catalogfi/wbtc-garden/swapper/bitcoin/bitcoin.go:209.30,211.18 2 0
github.com/catalogfi/wbtc-garden/swapper/bitcoin/bitcoin.go:211.18,213.5 1 0
github.com/catalogfi/wbtc-garden/swapper/bitcoin/bitcoin.go:214.4,214.14 1 0
github.com/catalogfi/wbtc-garden/swapper/bitcoin/bitcoin.go:214.14,216.5 1 0
github.com/catalogfi/wbtc-garden/swapper/bitcoin/bitcoin.go:217.4,217.27 1 0
github.com/catalogfi/wbtc-garden/swapper/bitcoin/bitcoin.go:219.3,219.29 1 0
github.com/catalogfi/wbtc-garden/swapper/bitcoin/bitcoin.go:221.2,221.24 1 0
github.com/catalogfi/wbtc-garden/swapper/bitcoin/bitcoin.go:224.62,226.16 2 0
github.com/catalogfi/wbtc-garden/swapper/bitcoin/bitcoin.go:226.16,228.3 1 0
github.com/catalogfi/wbtc-garden/swapper/bitcoin/bitcoin.go:229.2,229.23 1 0
github.com/catalogfi/wbtc-garden/swapper/bitcoin/bitcoin.go:229.23,235.17 5 0
github.com/catalogfi/wbtc-garden/swapper/bitcoin/bitcoin.go:235.17,237.4 1 0
github.com/catalogfi/wbtc-garden/swapper/bitcoin/bitcoin.go:238.3,238.36 1 0
github.com/catalogfi/wbtc-garden/swapper/bitcoin/bitcoin.go:240.2,240.28 1 0
github.com/catalogfi/wbtc-garden/swapper/bitcoin/bitcoin.go:243.54,245.16 2 0
github.com/catalogfi/wbtc-garden/swapper/bitcoin/bitcoin.go:245.16,247.3 1 0
github.com/catalogfi/wbtc-garden/swapper/bitcoin/bitcoin.go:248.2,249.16 2 0
github.com/catalogfi/wbtc-garden/swapper/bitcoin/bitcoin.go:249.16,251.3 1 0
github.com/catalogfi/wbtc-garden/swapper/bitcoin/bitcoin.go:252.2,252.35 1 0
github.com/catalogfi/wbtc-garden/swapper/bitcoin/bitcoin.go:252.35,257.3 2 0
github.com/catalogfi/wbtc-garden/swapper/bitcoin/bitcoin.go:258.2,258.23 1 0
github.com/catalogfi/wbtc-garden/swapper/bitcoin/client.go:70.57,72.2 1 1
github.com/catalogfi/wbtc-garden/swapper/bitcoin/client.go:74.46,76.2 1 1
github.com/catalogfi/wbtc-garden/swapper/bitcoin/client.go:78.59,80.16 2 1
github.com/catalogfi/wbtc-garden/swapper/bitcoin/client.go:80.16,82.3 1 0
github.com/catalogfi/wbtc-garden/swapper/bitcoin/client.go:83.2,84.16 2 1
github.com/catalogfi/wbtc-garden/swapper/bitcoin/client.go:84.16,86.3 1 0
github.com/catalogfi/wbtc-garden/swapper/bitcoin/client.go:87.2,87.48 1 1
github.com/catalogfi/wbtc-garden/swapper/bitcoin/client.go:90.67,92.16 2 1
github.com/catalogfi/wbtc-garden/swapper/bitcoin/client.go:92.16,94.3 1 0
github.com/catalogfi/wbtc-garden/swapper/bitcoin/client.go:96.2,97.63 2 1
github.com/catalogfi/wbtc-garden/swapper/bitcoin/client.go:97.63,99.3 1 0
github.com/catalogfi/wbtc-garden/swapper/bitcoin/client.go:101.2,101.26 1 1
github.com/catalogfi/wbtc-garden/swapper/bitcoin/client.go:101.26,103.3 1 1
github.com/catalogfi/wbtc-garden/swapper/bitcoin/client.go:104.2,104.35 1 1
github.com/catalogfi/wbtc-garden/swapper/bitcoin/client.go:107.93,109.16 2 1
github.com/catalogfi/wbtc-garden/swapper/bitcoin/client.go:109.16,111.3 1 0
github.com/catalogfi/wbtc-garden/swapper/bitcoin/client.go:112.2,113.64 2 1
github.com/catalogfi/wbtc-garden/swapper/bitcoin/client.go:113.64,115.3 1 0
github.com/catalogfi/wbtc-garden/swapper/bitcoin/client.go:116.2,116.25 1 1
github.com/catalogfi/wbtc-garden/swapper/bitcoin/client.go:116.25,117.31 1 1
github.com/catalogfi/wbtc-garden/swapper/bitcoin/client.go:117.31,118.66 1 1
github.com/catalogfi/wbtc-garden/swapper/bitcoin/client.go:118.66,120.5 1 1
github.com/catalogfi/wbtc-garden/swapper/bitcoin/client.go:123.2,123.28 1 0
github.com/catalogfi/wbtc-garden/swapper/bitcoin/client.go:126.95,128.16 2 1
github.com/catalogfi/wbtc-garden/swapper/bitcoin/client.go:128.16,130.3 1 0
github.com/catalogfi/wbtc-garden/swapper/bitcoin/client.go:131.2,133.66 2 1
github.com/catalogfi/wbtc-garden/swapper/bitcoin/client.go:133.66,135.3 1 0
github.com/catalogfi/wbtc-garden/swapper/bitcoin/client.go:137.2,138.29 2 1
github.com/catalogfi/wbtc-garden/swapper/bitcoin/client.go:138.29,140.3 1 1
github.com/catalogfi/wbtc-garden/swapper/bitcoin/client.go:142.2,142.17 1 1
github.com/catalogfi/wbtc-garden/swapper/bitcoin/client.go:142.17,144.3 1 1
github.com/catalogfi/wbtc-garden/swapper/bitcoin/client.go:145.2,145.22 1 1
github.com/catalogfi/wbtc-garden/swapper/bitcoin/client.go:145.22,147.3 1 0
github.com/catalogfi/wbtc-garden/swapper/bitcoin/client.go:149.2,151.29 3 1
github.com/catalogfi/wbtc-garden/swapper/bitcoin/client.go:151.29,152.22 1 1
github.com/catalogfi/wbtc-garden/swapper/bitcoin/client.go:152.22,153.9 1 1
github.com/catalogfi/wbtc-garden/swapper/bitcoin/client.go:155.3,156.23 2 1
github.com/catalogfi/wbtc-garden/swapper/bitcoin/client.go:158.2,158.29 1 1
github.com/catalogfi/wbtc-garden/swapper/bitcoin/client.go:161.103,165.16 3 1
github.com/catalogfi/wbtc-garden/swapper/bitcoin/client.go:165.16,167.3 1 0
github.com/catalogfi/wbtc-garden/swapper/bitcoin/client.go:169.2,170.16 2 1
github.com/catalogfi/wbtc-garden/swapper/bitcoin/client.go:170.16,172.3 1 0
github.com/catalogfi/wbtc-garden/swapper/bitcoin/client.go:173.2,174.16 2 1
github.com/catalogfi/wbtc-garden/swapper/bitcoin/client.go:174.16,176.3 1 0
github.com/catalogfi/wbtc-garden/swapper/bitcoin/client.go:177.2,178.16 2 1
github.com/catalogfi/wbtc-garden/swapper/bitcoin/client.go:178.16,180.3 1 0
github.com/catalogfi/wbtc-garden/swapper/bitcoin/client.go:181.2,181.35 1 1
github.com/catalogfi/wbtc-garden/swapper/bitcoin/client.go:181.35,183.17 2 1
github.com/catalogfi/wbtc-garden/swapper/bitcoin/client.go:183.17,185.4 1 0
github.com/catalogfi/wbtc-garden/swapper/bitcoin/client.go:186.3,186.72 1 1
github.com/catalogfi/wbtc-garden/swapper/bitcoin/client.go:189.2,190.16 2 1
github.com/catalogfi/wbtc-garden/swapper/bitcoin/client.go:190.16,192.3 1 0
github.com/catalogfi/wbtc-garden/swapper/bitcoin/client.go:194.2,195.16 2 1
github.com/catalogfi/wbtc-garden/swapper/bitcoin/client.go:195.16,197.3 1 0
github.com/catalogfi/wbtc-garden/swapper/bitcoin/client.go:199.2,200.51 2 1
github.com/catalogfi/wbtc-garden/swapper/bitcoin/client.go:200.51,202.3 1 1
github.com/catalogfi/wbtc-garden/swapper/bitcoin/client.go:204.2,204.35 1 1
github.com/catalogfi/wbtc-garden/swapper/bitcoin/client.go:204.35,206.17 2 1
github.com/catalogfi/wbtc-garden/swapper/bitcoin/client.go:206.17,208.4 1 0
github.com/catalogfi/wbtc-garden/swapper/bitcoin/client.go:210.3,212.17 3 1
github.com/catalogfi/wbtc-garden/swapper/bitcoin/client.go:212.17,214.4 1 0
github.com/catalogfi/wbtc-garden/swapper/bitcoin/client.go:215.3,215.31 1 1
github.com/catalogfi/wbtc-garden/swapper/bitcoin/client.go:218.2,218.28 1 1
github.com/catalogfi/wbtc-garden/swapper/bitcoin/client.go:221.133,226.16 4 1
github.com/catalogfi/wbtc-garden/swapper/bitcoin/client.go:226.16,228.3 1 0
github.com/catalogfi/wbtc-garden/swapper/bitcoin/client.go:229.2,230.16 2 1
github.com/catalogfi/wbtc-garden/swapper/bitcoin/client.go:230.16,232.3 1 0
github.com/catalogfi/wbtc-garden/swapper/bitcoin/client.go:233.2,235.29 2 1
github.com/catalogfi/wbtc-garden/swapper/bitcoin/client.go:235.29,237.17 2 1
github.com/catalogfi/wbtc-garden/swapper/bitcoin/client.go:237.17,239.4 1 0
github.com/catalogfi/wbtc-garden/swapper/bitcoin/client.go:240.3,241.72 2 1
github.com/catalogfi/wbtc-garden/swapper/bitcoin/client.go:244.2,245.16 2 1
github.com/catalogfi/wbtc-garden/swapper/bitcoin/client.go:245.16,247.3 1 0
github.com/catalogfi/wbtc-garden/swapper/bitcoin/client.go:248.2,249.16 2 1
github.com/catalogfi/wbtc-garden/swapper/bitcoin/client.go:249.16,251.3 1 0
github.com/catalogfi/wbtc-garden/swapper/bitcoin/client.go:252.2,253.16 2 1
github.com/catalogfi/wbtc-garden/swapper/bitcoin/client.go:253.16,255.3 1 0
github.com/catalogfi/wbtc-garden/swapper/bitcoin/client.go:256.2,256.31 1 1
github.com/catalogfi/wbtc-garden/swapper/bitcoin/client.go:256.31,258.3 1 0
github.com/catalogfi/wbtc-garden/swapper/bitcoin/client.go:259.2,261.25 2 1
github.com/catalogfi/wbtc-garden/swapper/bitcoin/client.go:261.25,263.21 2 1
github.com/catalogfi/wbtc-garden/swapper/bitcoin/client.go:263.21,265.4 1 0
github.com/catalogfi/wbtc-garden/swapper/bitcoin/client.go:266.3,268.17 3 1
github.com/catalogfi/wbtc-garden/swapper/bitcoin/client.go:268.17,270.4 1 0
github.com/catalogfi/wbtc-garden/swapper/bitcoin/client.go:271.3,272.77 2 1
github.com/catalogfi/wbtc-garden/swapper/bitcoin/client.go:274.2,275.45 2 1
github.com/catalogfi/wbtc-garden/swapper/bitcoin/client.go:275.45,276.13 1 0
github.com/catalogfi/wbtc-garden/swapper/bitcoin/client.go:278.2,279.28 2 1
github.com/catalogfi/wbtc-garden/swapper/bitcoin/client.go:282.64,284.43 2 1
github.com/catalogfi/wbtc-garden/swapper/bitcoin/client.go:284.43,286.3 1 0
github.com/catalogfi/wbtc-garden/swapper/bitcoin/client.go:288.2,289.16 2 1
github.com/catalogfi/wbtc-garden/swapper/bitcoin/client.go:289.16,291.3 1 0
github.com/catalogfi/wbtc-garden/swapper/bitcoin/client.go:293.2,293.38 1 1
github.com/catalogfi/wbtc-garden/swapper/bitcoin/client.go:293.38,295.3 1 0
github.com/catalogfi/wbtc-garden/swapper/bitcoin/client.go:297.2,298.16 2 1
github.com/catalogfi/wbtc-garden/swapper/bitcoin/client.go:298.16,300.3 1 0
github.com/catalogfi/wbtc-garden/swapper/bitcoin/client.go:301.2,301.26 1 1
github.com/catalogfi/wbtc-garden/swapper/bitcoin/client.go:304.77,306.16 2 1
github.com/catalogfi/wbtc-garden/swapper/bitcoin/client.go:306.16,308.3 1 0
github.com/catalogfi/wbtc-garden/swapper/bitcoin/client.go:309.2,310.16 2 1
github.com/catalogfi/wbtc-garden/swapper/bitcoin/client.go:310.16,312.3 1 0
github.com/catalogfi/wbtc-garden/swapper/bitcoin/client.go:313.2,313.67 1 1
github.com/catalogfi/wbtc-garden/swapper/bitcoin/client.go:317.90,320.16 3 1
github.com/catalogfi/wbtc-garden/swapper/bitcoin/client.go:320.16,322.3 1 0
github.com/catalogfi/wbtc-garden/swapper/bitcoin/client.go:323.2,324.16 2 1
github.com/catalogfi/wbtc-garden/swapper/bitcoin/client.go:324.16,326.3 1 0
github.com/catalogfi/wbtc-garden/swapper/bitcoin/client.go:328.2,328.16 1 1
github.com/catalogfi/wbtc-garden/swapper/bitcoin/client.go:329.14,332.86 1 0
github.com/catalogfi/wbtc-garden/swapper/bitcoin/client.go:333.14,334.79 1 1
github.com/catalogfi/wbtc-garden/swapper/bitcoin/client.go:336.2,336.47 1 0
github.com/catalogfi/wbtc-garden/swapper/bitcoin/instant.go:15.61,17.2 1 0
github.com/catalogfi/wbtc-garden/swapper/bitcoin/instant.go:19.53,21.2 1 0
github.com/catalogfi/wbtc-garden/swapper/bitcoin/instant.go:23.66,25.2 1 0
github.com/catalogfi/wbtc-garden/swapper/bitcoin/instant.go:27.76,29.2 1 0
github.com/catalogfi/wbtc-garden/swapper/bitcoin/instant.go:31.102,33.2 1 0
github.com/catalogfi/wbtc-garden/swapper/bitcoin/instant.go:35.100,37.2 1 0
github.com/catalogfi/wbtc-garden/swapper/bitcoin/instant.go:39.110,40.26 1 0
github.com/catalogfi/wbtc-garden/swapper/bitcoin/instant.go:43.137,44.26 1 0
github.com/catalogfi/wbtc-garden/swapper/bitcoin/instant.go:47.86,49.26 1 0
github.com/catalogfi/wbtc-garden/swapper/bitcoin/script.go:10.122,33.2 1 1
github.com/catalogfi/wbtc-garden/swapper/bitcoin/script.go:35.64,37.2 1 1
github.com/catalogfi/wbtc-garden/swapper/bitcoin/script.go:39.56,41.2 1 0
